🩺 checking the health of your Storybook..
The CJS build of Vite's Node API is deprecated. See https://vite.dev/guide/troubleshooting.html#vite-cjs-node-api-deprecated for more details.

╭ Diagnostics ──────────────────────────────────────────────────────────────────────────────────────────────────────────────────────────────────────────────────────────────────────────────────────────────────────────────────────────────────────────╮
│                                                                                                                                                                                                                                                       │
│   Attention: There seems to be a mismatch between your Storybook package versions. This can result in a broken Storybook installation.                                                                                                                │
│                                                                                                                                                                                                                                                       │
│   The version of your storybook core packages should align with 8.6.14 (from the @storybook/react-vite package) or higher.                                                                                                                            │
│                                                                                                                                                                                                                                                       │
│   Based on your lockfile, these dependencies should be upgraded:                                                                                                                                                                                      │
│                                                                                                                                                                                                                                                       │
│   @storybook/addon-actions: 7.6.20 (in your package.json)                                                                                                                                                                                             │
│   @storybook/addon-links: 7.6.20 (in your package.json)                                                                                                                                                                                               │
│   @storybook/addon-a11y: 7.6.20 (in your package.json)                                                                                                                                                                                                │
│   @storybook/theming: 7.6.20 (in your package.json)                                                                                                                                                                                                   │
│   @storybook/addon-interactions: 7.6.20 (in your package.json)                                                                                                                                                                                        │
│   @storybook/manager-api: 7.6.20 (in your package.json)                                                                                                                                                                                               │
│   @storybook/blocks: 7.6.20 (in your package.json)                                                                                                                                                                                                    │
│   @storybook/addon-essentials: 7.6.20 (in your package.json)                                                                                                                                                                                          │
│   storybook: 7.6.20 (in your package.json)                                                                                                                                                                                                            │
│   @storybook/react: 9.0.15 (in your package.json)                                                                                                                                                                                                     │
│   @storybook/core-events: 7.6.20                                                                                                                                                                                                                      │
│   @storybook/addon-highlight: 7.6.20                                                                                                                                                                                                                  │
│   @storybook/client-logger: 7.6.20                                                                                                                                                                                                                    │
│   @storybook/types: 7.6.20                                                                                                                                                                                                                            │
│   @storybook/channels: 7.6.20                                                                                                                                                                                                                         │
│   @storybook/router: 7.6.20                                                                                                                                                                                                                           │
│   @storybook/node-logger: 7.6.20                                                                                                                                                                                                                      │
│   @storybook/components: 7.6.20                                                                                                                                                                                                                       │
│   @storybook/core-common: 7.6.20                                                                                                                                                                                                                      │
│   @storybook/preview-api: 7.6.20                                                                                                                                                                                                                      │
│   @storybook/api: 7.6.17                                                                                                                                                                                                                              │
│   @storybook/docs-tools: 7.6.20                                                                                                                                                                                                                       │
│   @storybook/addon-toolbars: 7.6.20                                                                                                                                                                                                                   │
│   @storybook/addon-viewport: 7.6.20                                                                                                                                                                                                                   │
│   @storybook/addon-backgrounds: 7.6.20                                                                                                                                                                                                                │
│   @storybook/addon-measure: 7.6.20                                                                                                                                                                                                                    │
│   @storybook/addon-outline: 7.6.20                                                                                                                                                                                                                    │
│   @storybook/addon-controls: 7.6.20                                                                                                                                                                                                                   │
│   @storybook/addon-docs: 7.6.20                                                                                                                                                                                                                       │
│   @storybook/postinstall: 7.6.20                                                                                                                                                                                                                      │
│   @storybook/react-dom-shim: 7.6.20                                                                                                                                                                                                                   │
│   @storybook/csf-tools: 7.6.20                                                                                                                                                                                                                        │
│   @storybook/csf-plugin: 7.6.20                                                                                                                                                                                                                       │
│   @storybook/cli: 7.6.20                                                                                                                                                                                                                              │
│   @storybook/codemod: 7.6.20                                                                                                                                                                                                                          │
│   @storybook/telemetry: 7.6.20                                                                                                                                                                                                                        │
│   @storybook/core-server: 7.6.20                                                                                                                                                                                                                      │
│   @storybook/manager: 7.6.20                                                                                                                                                                                                                          │
│   @storybook/builder-manager: 7.6.20                                                                                                                                                                                                                  │
│                                                                                                                                                                                                                                                       │
│   You can run npx storybook@latest upgrade to upgrade all of your Storybook packages to the latest version.                                                                                                                                           │
│                                                                                                                                                                                                                                                       │
│         Alternatively you can try manually changing the versions to match in your package.json. We also recommend regenerating your lockfile, or running the following command to possibly deduplicate your Storybook package versions: pnpm dedupe   │
│                                                                                                                                                                                                                                                       │
│   -------                                                                                                                                                                                                                                             │
│                                                                                                                                                                                                                                                       │
│   You can find the full logs in /Users/M060218/projects/GEL-next/packages/ui/doctor-storybook.log                                                                                                                                                     │
│                                                                                                                                                                                                                                                       │
╰───────────────────────────────────────────────────────────────────────────────────────────────────────────────────────────────────────────────────────────────────────────────────────────────────────────────────────────────────────────────────────╯

